<?xml version="1.0" encoding="UTF-8"?>
<!-- Generated by org.testng.reporters.JUnitXMLReporter -->
<testsuite ignored="0" hostname="lenovo" failures="0" tests="3" name="Command line test" time="0.024" errors="0" timestamp="2022-05-25T13:41:22 MSK">
  <testcase classname="Adv_HW_921.DirectorTest" name="testGetSalary" time="0.002"/>
  <testcase classname="Adv_HW_91Test" name="testAbbriv" time="0.003"/>
  <testcase classname="Adv_HW_91Test" name="testAbbriv2" time="0.001"/>
</testsuite> <!-- Command line test -->
